<?xml version="1.0" encoding="UTF-8"?>
<!-- Generated by org.testng.reporters.JUnitXMLReporter -->
<testsuite hostname="ULVMCTMTTL108" failures="2" tests="2" name="Scenario" time="71.21" errors="0" timestamp="7 Oct 2019 10:07:53 GMT">
  <testcase classname="Testscript.NumberHosting" name="NumberInquiry" time="60.939">
    <failure type="java.lang.NullPointerException">
      <![CDATA[java.lang.NullPointerException
	at Driver.DriverHelper.getwebelement(DriverHelper.java:371)
	at ScriptHelper.LoginHelper.Login(LoginHelper.java:117)
	at Testscript.NumberHosting.NumberInquiry(NumberHosting.java:15)
... Removed 24 stack frames]]>
    </failure>
  </testcase> <!-- NumberInquiry -->
  <testcase classname="Testscript.NumberHosting" name="NumberInquiry" time="70.114">
    <failure type="java.lang.NullPointerException">
      <![CDATA[java.lang.NullPointerException
	at Listeners.TestListener.onTestFailure(TestListener.java:70)
... Removed 21 stack frames]]>
    </failure>
  </testcase> <!-- NumberInquiry -->
</testsuite> <!-- Scenario -->
