<?xml version="1.0" encoding="UTF-8"?>
<!-- Generated by org.testng.reporters.JUnitXMLReporter -->
<testsuite hostname="ULVMCTMTTL107" name="Scenario 0" tests="4" failures="0" timestamp="27 Sep 2019 12:15:15 GMT" time="109.56" errors="0">
  <testcase name="NumberInquiry" time="13.017" classname="Testscript.NumberHosting"/>
  <testcase name="NumberInquiry" time="37.736" classname="Testscript.NumberHosting"/>
  <testcase name="NumberInquiry" time="17.557" classname="Testscript.NumberHosting"/>
  <testcase name="NumberInquiry" time="17.716" classname="Testscript.NumberHosting"/>
</testsuite> <!-- Scenario 0 -->
