<?xml version="1.0" encoding="UTF-8"?>
<!-- Generated by org.testng.reporters.JUnitXMLReporter -->
<testsuite hostname="ULVMCTMTTL107" name="Scenario 0" tests="4" failures="0" timestamp="1 Oct 2019 13:56:40 GMT" time="227.834" errors="0">
  <testcase name="NumberInquiry" time="14.642" classname="Testscript.NumberHosting"/>
  <testcase name="NumberInquiry" time="42.192" classname="Testscript.NumberHosting"/>
  <testcase name="NumberInquiry" time="38.354" classname="Testscript.NumberHosting"/>
  <testcase name="NumberInquiry" time="109.331" classname="Testscript.NumberHosting"/>
</testsuite> <!-- Scenario 0 -->
