<?xml version="1.0" encoding="UTF-8"?>
<!-- Generated by org.testng.reporters.JUnitXMLReporter -->
<testsuite hostname="IGL70596" failures="1" tests="1" name="Scenario" time="63.202" errors="0" timestamp="6 Dec 2019 09:49:19 GMT">
  <testcase classname="Testscript.NMTS" name="NumberInquiryForNMTS" time="56.637">
    <failure type="java.lang.AssertionError" message=" &amp;lt;font color=&amp;apos;red&amp;apos;&amp;gt; Either data is incorrect in excel sheet or no Record found in system Application &amp;lt;/font&amp;gt;">
      <![CDATA[java.lang.AssertionError:  <font color='red'> Either data is incorrect in excel sheet or no Record found in system Application </font>
	at Driver.DriverHelper.RedLog(DriverHelper.java:1143)
	at ScriptHelper.NmtsHelper.PortInNMTS(NmtsHelper.java:1891)
	at ScriptHelper.NmtsHelper.SearchofNMTSScenario(NmtsHelper.java:98)
	at Testscript.NMTS.NumberInquiryForNMTS(NMTS.java:18)
... Removed 25 stack frames]]>
    </failure>
  </testcase> <!-- NumberInquiryForNMTS -->
</testsuite> <!-- Scenario -->
