<?xml version="1.0" encoding="UTF-8"?>
<testng-results total="1" passed="0" failed="1" skipped="0">
  <reporter-output>
  </reporter-output>
  <suite started-at="2019-11-18T11:50:49Z" name="NH Automation" finished-at="2019-11-18T11:50:54Z" duration-ms="5568">
    <groups>
    </groups>
    <test started-at="2019-11-18T11:50:49Z" name="Scenario" finished-at="2019-11-18T11:50:54Z" duration-ms="5568">
      <class name="Testscript.NumberHosting">
        <test-method is-config="true" signature="BeforeSuite()[pri:0, instance:Testscript.NumberHosting@3ec300f1]" started-at="2019-11-18T17:20:48Z" name="BeforeSuite" finished-at="2019-11-18T17:20:49Z" duration-ms="227" status="PASS">
          <reporter-output>
          </reporter-output>
        </test-method> <!-- BeforeSuite -->
        <test-method is-config="true" signature="setup()[pri:0, instance:Testscript.NumberHosting@3ec300f1]" started-at="2019-11-18T17:20:49Z" name="setup" finished-at="2019-11-18T17:20:53Z" duration-ms="3846" status="PASS">
          <reporter-output>
          </reporter-output>
        </test-method> <!-- setup -->
        <test-method is-config="true" signature="BeforeMethod(java.lang.reflect.Method, org.testng.ITestContext, [Ljava.lang.Object;)[pri:0, instance:Testscript.NumberHosting@3ec300f1]" started-at="2019-11-18T17:20:54Z" name="BeforeMethod" finished-at="2019-11-18T17:20:54Z" duration-ms="2" status="PASS">
          <params>
            <param index="0">
              <value>
                <![CDATA[public void Testscript.NumberHosting.NumberInquiry(java.lang.Object[][]) throws java.lang.Exception]]>
              </value>
            </param>
            <param index="1">
              <value>
                <![CDATA[org.testng.TestRunner@3bdb2c78]]>
              </value>
            </param>
            <param index="2">
              <value>
                <![CDATA[[Ljava.lang.Object;@64693226]]>
              </value>
            </param>
          </params>
          <reporter-output>
          </reporter-output>
        </test-method> <!-- BeforeMethod -->
        <test-method signature="NumberInquiry([[Ljava.lang.Object;)[pri:0, instance:Testscript.NumberHosting@3ec300f1]" started-at="2019-11-18T17:20:54Z" name="NumberInquiry" data-provider="NumberHosting" finished-at="2019-11-18T17:20:54Z" duration-ms="135" status="FAIL">
          <params>
            <param index="0">
              <value>
                <![CDATA[[[Ljava.lang.Object;@108531c2]]>
              </value>
            </param>
          </params>
          <exception class="java.lang.NullPointerException">
            <message>
              <![CDATA[null value in entry: url=null]]>
            </message>
            <full-stacktrace>
              <![CDATA[java.lang.NullPointerException: null value in entry: url=null
	at com.google.common.collect.CollectPreconditions.checkEntryNotNull(CollectPreconditions.java:34)
	at com.google.common.collect.SingletonImmutableBiMap.<init>(SingletonImmutableBiMap.java:42)
	at com.google.common.collect.ImmutableBiMap.of(ImmutableBiMap.java:73)
	at com.google.common.collect.ImmutableMap.of(ImmutableMap.java:120)
	at org.openqa.selenium.remote.RemoteWebDriver.get(RemoteWebDriver.java:364)
	at Driver.DriverHelper.openurl(DriverHelper.java:412)
	at ScriptHelper.NumberHostingHelper.OpenApplication(NumberHostingHelper.java:36)
	at Testscript.NumberHosting.NumberInquiry(NumberHosting.java:16)
	at java.base/jdk.internal.reflect.NativeMethodAccessorImpl.invoke0(Native Method)
	at java.base/jdk.internal.reflect.NativeMethodAccessorImpl.invoke(NativeMethodAccessorImpl.java:62)
	at java.base/jdk.internal.reflect.DelegatingMethodAccessorImpl.invoke(DelegatingMethodAccessorImpl.java:43)
	at java.base/java.lang.reflect.Method.invoke(Method.java:567)
	at org.testng.internal.MethodInvocationHelper.invokeMethod(MethodInvocationHelper.java:84)
	at org.testng.internal.Invoker.invokeMethod(Invoker.java:714)
	at org.testng.internal.Invoker.invokeTestMethod(Invoker.java:901)
	at org.testng.internal.Invoker.invokeTestMethods(Invoker.java:1231)
	at org.testng.internal.TestMethodWorker.invokeTestMethods(TestMethodWorker.java:127)
	at org.testng.internal.TestMethodWorker.run(TestMethodWorker.java:111)
	at org.testng.TestRunner.privateRun(TestRunner.java:767)
	at org.testng.TestRunner.run(TestRunner.java:617)
	at org.testng.SuiteRunner.runTest(SuiteRunner.java:334)
	at org.testng.SuiteRunner.runSequentially(SuiteRunner.java:329)
	at org.testng.SuiteRunner.privateRun(SuiteRunner.java:291)
	at org.testng.SuiteRunner.run(SuiteRunner.java:240)
	at org.testng.SuiteRunnerWorker.runSuite(SuiteRunnerWorker.java:52)
	at org.testng.SuiteRunnerWorker.run(SuiteRunnerWorker.java:86)
	at org.testng.TestNG.runSuitesSequentially(TestNG.java:1224)
	at org.testng.TestNG.runSuitesLocally(TestNG.java:1149)
	at org.testng.TestNG.run(TestNG.java:1057)
	at org.testng.remote.AbstractRemoteTestNG.run(AbstractRemoteTestNG.java:115)
	at org.testng.remote.RemoteTestNG.initAndRun(RemoteTestNG.java:251)
	at org.testng.remote.RemoteTestNG.main(RemoteTestNG.java:77)
]]>
            </full-stacktrace>
          </exception> <!-- java.lang.NullPointerException -->
          <reporter-output>
          </reporter-output>
        </test-method> <!-- NumberInquiry -->
        <test-method is-config="true" signature="Teardown2()[pri:0, instance:Testscript.NumberHosting@3ec300f1]" started-at="2019-11-18T17:20:54Z" name="Teardown2" finished-at="2019-11-18T17:20:54Z" duration-ms="0" status="PASS">
          <reporter-output>
          </reporter-output>
        </test-method> <!-- Teardown2 -->
        <test-method is-config="true" signature="Teardown()[pri:0, instance:Testscript.NumberHosting@3ec300f1]" started-at="2019-11-18T17:20:54Z" name="Teardown" finished-at="2019-11-18T17:20:54Z" duration-ms="21" status="PASS">
          <reporter-output>
          </reporter-output>
        </test-method> <!-- Teardown -->
      </class> <!-- Testscript.NumberHosting -->
    </test> <!-- Scenario -->
  </suite> <!-- NH Automation -->
</testng-results>
